<?xml version="1.0" encoding="UTF-8"?>
<testsuite name="com.phonebook.tests.AddContactTests" tests="14" skipped="0" failures="0" errors="0" timestamp="2024-04-15T09:10:53" hostname="MacBook-Air-Olesia.local" time="150.002">
  <properties/>
  <testcase name="addContactPositiveTest" classname="com.phonebook.tests.AddContactTests" time="1.867"/>
  <testcase name="addContactPositiveTestFromDataProvider[0](Anna, Müller, 1234567890, annamuel@gmail.com, Münich, Co-worker)" classname="com.phonebook.tests.AddContactTests" time="1.215"/>
  <testcase name="addContactPositiveTestFromDataProvider[1](Anna1, Müller, 1234567890, annamuel@gmail.com, Münich, Co-worker)" classname="com.phonebook.tests.AddContactTests" time="1.172"/>
  <testcase name="addContactPositiveTestFromDataProvider[2](Anna2, Müller, 1234567890, annamuel@gmail.com, Münich, Co-worker)" classname="com.phonebook.tests.AddContactTests" time="1.053"/>
  <testcase name="addContactPositiveTestFromDataProviderWithCsvFile[0](Contact{name='John', phone='1234567890', email='john.doe@example.com'})" classname="com.phonebook.tests.AddContactTests" time="1.018"/>
  <testcase name="addContactPositiveTestFromDataProviderWithCsvFile[1](Contact{name='Alice', phone='5555555555', email='alice.smith@example.com'})" classname="com.phonebook.tests.AddContactTests" time="1.048"/>
  <testcase name="addContactPositiveTestFromDataProviderWithCsvFile[2](Contact{name='Michael', phone='9876543210', email='michael.j@example.com'})" classname="com.phonebook.tests.AddContactTests" time="1.295"/>
  <testcase name="addContactPositiveTestFromDataProviderWithCsvFile[3](Contact{name='Sarah', phone='1112223333', email='sarah.brown@example.com'})" classname="com.phonebook.tests.AddContactTests" time="1.045"/>
  <testcase name="addContactPositiveTestFromDataProviderWithCsvFile[4](Contact{name='David', phone='7778889999', email='david.w@example.com'})" classname="com.phonebook.tests.AddContactTests" time="0.999"/>
  <testcase name="addContactPositiveTestFromDataProviderWithCsvFile[5](Contact{name='Emily', phone='3334445555', email='emily.t@example.com'})" classname="com.phonebook.tests.AddContactTests" time="1.037"/>
  <testcase name="addContactPositiveTestFromDataProviderWithCsvFile[6](Contact{name='Olivia', phone='2223334444', email='olivia.m@example.com'})" classname="com.phonebook.tests.AddContactTests" time="1.032"/>
  <testcase name="addContactPositiveTestFromDataProviderWithCsvFile[7](Contact{name='Ethan', phone='4445556664', email='ethan.a@example.com'})" classname="com.phonebook.tests.AddContactTests" time="1.009"/>
  <testcase name="addContactPositiveTestFromDataProviderWithCsvFile[8](Contact{name='Eva', phone='6667778888', email='eva.t@example.com'})" classname="com.phonebook.tests.AddContactTests" time="1.07"/>
  <testcase name="addContactPositiveTestFromDataProviderWithCsvFile[9](Contact{name='Benjamin', phone='8889990000', email='benjamin.l@example.com'})" classname="com.phonebook.tests.AddContactTests" time="1.006"/>
  <system-out><![CDATA[11:10:52.685 [Test worker] INFO  com.phonebook.tests.TestBase -- Start test addContactPositiveTestwith data: []
11:10:55.519 [Test worker] INFO  com.phonebook.tests.TestBase -- PASSED addContactPositiveTest
11:10:55.519 [Test worker] INFO  com.phonebook.tests.TestBase -- Stop test
11:10:55.519 [Test worker] INFO  com.phonebook.tests.TestBase -- ============================
11:10:55.524 [Test worker] INFO  com.phonebook.tests.TestBase -- Start test addContactPositiveTestFromDataProviderwith data: [Anna, Müller, 1234567890, annamuel@gmail.com, Münich, Co-worker]
11:11:07.146 [Test worker] INFO  com.phonebook.tests.TestBase -- PASSED addContactPositiveTestFromDataProvider
11:11:07.147 [Test worker] INFO  com.phonebook.tests.TestBase -- Stop test
11:11:07.147 [Test worker] INFO  com.phonebook.tests.TestBase -- ============================
11:11:07.147 [Test worker] INFO  com.phonebook.tests.TestBase -- Start test addContactPositiveTestFromDataProviderwith data: [Anna1, Müller, 1234567890, annamuel@gmail.com, Münich, Co-worker]
11:11:18.612 [Test worker] INFO  com.phonebook.tests.TestBase -- PASSED addContactPositiveTestFromDataProvider
11:11:18.612 [Test worker] INFO  com.phonebook.tests.TestBase -- Stop test
11:11:18.612 [Test worker] INFO  com.phonebook.tests.TestBase -- ============================
11:11:18.613 [Test worker] INFO  com.phonebook.tests.TestBase -- Start test addContactPositiveTestFromDataProviderwith data: [Anna2, Müller, 1234567890, annamuel@gmail.com, Münich, Co-worker]
11:11:29.954 [Test worker] INFO  com.phonebook.tests.TestBase -- PASSED addContactPositiveTestFromDataProvider
11:11:29.954 [Test worker] INFO  com.phonebook.tests.TestBase -- Stop test
11:11:29.954 [Test worker] INFO  com.phonebook.tests.TestBase -- ============================
11:11:29.956 [Test worker] INFO  com.phonebook.tests.TestBase -- Start test addContactPositiveTestFromDataProviderWithCsvFilewith data: [Contact{name='John', phone='1234567890', email='john.doe@example.com'}]
11:11:41.292 [Test worker] INFO  com.phonebook.tests.TestBase -- PASSED addContactPositiveTestFromDataProviderWithCsvFile
11:11:41.293 [Test worker] INFO  com.phonebook.tests.TestBase -- Stop test
11:11:41.293 [Test worker] INFO  com.phonebook.tests.TestBase -- ============================
11:11:41.293 [Test worker] INFO  com.phonebook.tests.TestBase -- Start test addContactPositiveTestFromDataProviderWithCsvFilewith data: [Contact{name='Alice', phone='5555555555', email='alice.smith@example.com'}]
11:11:52.640 [Test worker] INFO  com.phonebook.tests.TestBase -- PASSED addContactPositiveTestFromDataProviderWithCsvFile
11:11:52.640 [Test worker] INFO  com.phonebook.tests.TestBase -- Stop test
11:11:52.640 [Test worker] INFO  com.phonebook.tests.TestBase -- ============================
11:11:52.641 [Test worker] INFO  com.phonebook.tests.TestBase -- Start test addContactPositiveTestFromDataProviderWithCsvFilewith data: [Contact{name='Michael', phone='9876543210', email='michael.j@example.com'}]
11:12:04.188 [Test worker] INFO  com.phonebook.tests.TestBase -- PASSED addContactPositiveTestFromDataProviderWithCsvFile
11:12:04.188 [Test worker] INFO  com.phonebook.tests.TestBase -- Stop test
11:12:04.189 [Test worker] INFO  com.phonebook.tests.TestBase -- ============================
11:12:04.189 [Test worker] INFO  com.phonebook.tests.TestBase -- Start test addContactPositiveTestFromDataProviderWithCsvFilewith data: [Contact{name='Sarah', phone='1112223333', email='sarah.brown@example.com'}]
11:12:15.524 [Test worker] INFO  com.phonebook.tests.TestBase -- PASSED addContactPositiveTestFromDataProviderWithCsvFile
11:12:15.525 [Test worker] INFO  com.phonebook.tests.TestBase -- Stop test
11:12:15.525 [Test worker] INFO  com.phonebook.tests.TestBase -- ============================
11:12:15.525 [Test worker] INFO  com.phonebook.tests.TestBase -- Start test addContactPositiveTestFromDataProviderWithCsvFilewith data: [Contact{name='David', phone='7778889999', email='david.w@example.com'}]
11:12:26.821 [Test worker] INFO  com.phonebook.tests.TestBase -- PASSED addContactPositiveTestFromDataProviderWithCsvFile
11:12:26.821 [Test worker] INFO  com.phonebook.tests.TestBase -- Stop test
11:12:26.821 [Test worker] INFO  com.phonebook.tests.TestBase -- ============================
11:12:26.822 [Test worker] INFO  com.phonebook.tests.TestBase -- Start test addContactPositiveTestFromDataProviderWithCsvFilewith data: [Contact{name='Emily', phone='3334445555', email='emily.t@example.com'}]
11:12:38.123 [Test worker] INFO  com.phonebook.tests.TestBase -- PASSED addContactPositiveTestFromDataProviderWithCsvFile
11:12:38.124 [Test worker] INFO  com.phonebook.tests.TestBase -- Stop test
11:12:38.124 [Test worker] INFO  com.phonebook.tests.TestBase -- ============================
11:12:38.124 [Test worker] INFO  com.phonebook.tests.TestBase -- Start test addContactPositiveTestFromDataProviderWithCsvFilewith data: [Contact{name='Olivia', phone='2223334444', email='olivia.m@example.com'}]
11:12:49.487 [Test worker] INFO  com.phonebook.tests.TestBase -- PASSED addContactPositiveTestFromDataProviderWithCsvFile
11:12:49.487 [Test worker] INFO  com.phonebook.tests.TestBase -- Stop test
11:12:49.487 [Test worker] INFO  com.phonebook.tests.TestBase -- ============================
11:12:49.487 [Test worker] INFO  com.phonebook.tests.TestBase -- Start test addContactPositiveTestFromDataProviderWithCsvFilewith data: [Contact{name='Ethan', phone='4445556664', email='ethan.a@example.com'}]
11:13:00.836 [Test worker] INFO  com.phonebook.tests.TestBase -- PASSED addContactPositiveTestFromDataProviderWithCsvFile
11:13:00.836 [Test worker] INFO  com.phonebook.tests.TestBase -- Stop test
11:13:00.836 [Test worker] INFO  com.phonebook.tests.TestBase -- ============================
11:13:00.837 [Test worker] INFO  com.phonebook.tests.TestBase -- Start test addContactPositiveTestFromDataProviderWithCsvFilewith data: [Contact{name='Eva', phone='6667778888', email='eva.t@example.com'}]
11:13:12.214 [Test worker] INFO  com.phonebook.tests.TestBase -- PASSED addContactPositiveTestFromDataProviderWithCsvFile
11:13:12.214 [Test worker] INFO  com.phonebook.tests.TestBase -- Stop test
11:13:12.215 [Test worker] INFO  com.phonebook.tests.TestBase -- ============================
11:13:12.215 [Test worker] INFO  com.phonebook.tests.TestBase -- Start test addContactPositiveTestFromDataProviderWithCsvFilewith data: [Contact{name='Benjamin', phone='8889990000', email='benjamin.l@example.com'}]
11:13:23.516 [Test worker] INFO  com.phonebook.tests.TestBase -- PASSED addContactPositiveTestFromDataProviderWithCsvFile
11:13:23.516 [Test worker] INFO  com.phonebook.tests.TestBase -- Stop test
11:13:23.516 [Test worker] INFO  com.phonebook.tests.TestBase -- ============================
]]></system-out>
  <system-err><![CDATA[]]></system-err>
</testsuite>
