<?xml version="1.0" encoding="UTF-8"?>
<testsuite name="com.phonebook.tests.HomePageTests" tests="1" skipped="0" failures="0" errors="0" timestamp="2024-04-15T09:13:46" hostname="MacBook-Air-Olesia.local" time="0.007">
  <properties/>
  <testcase name="isHomeComponentPresentTest" classname="com.phonebook.tests.HomePageTests" time="0.007"/>
  <system-out><![CDATA[11:13:36.134 [Test worker] INFO  com.phonebook.tests.TestBase -- Start test isHomeComponentPresentTestwith data: []
11:13:46.205 [Test worker] INFO  com.phonebook.tests.TestBase -- PASSED isHomeComponentPresentTest
11:13:46.205 [Test worker] INFO  com.phonebook.tests.TestBase -- Stop test
11:13:46.205 [Test worker] INFO  com.phonebook.tests.TestBase -- ============================
]]></system-out>
  <system-err><![CDATA[]]></system-err>
</testsuite>
