<?xml version="1.0" encoding="UTF-8"?>
<testsuite name="com.phonebook.tests.LoginTests" tests="2" skipped="0" failures="0" errors="0" timestamp="2024-04-15T09:13:56" hostname="MacBook-Air-Olesia.local" time="1.1">
  <properties/>
  <testcase name="loginNegativeTestWithoutEmail" classname="com.phonebook.tests.LoginTests" time="0.64"/>
  <testcase name="loginPositiveTest" classname="com.phonebook.tests.LoginTests" time="0.446"/>
  <system-out><![CDATA[11:13:46.206 [Test worker] INFO  com.phonebook.tests.TestBase -- Start test loginNegativeTestWithoutEmailwith data: []
11:13:56.932 [Test worker] INFO  com.phonebook.tests.TestBase -- PASSED loginNegativeTestWithoutEmail
11:13:56.933 [Test worker] INFO  com.phonebook.tests.TestBase -- Stop test
11:13:56.934 [Test worker] INFO  com.phonebook.tests.TestBase -- ============================
11:13:56.935 [Test worker] INFO  com.phonebook.tests.TestBase -- Start test loginPositiveTestwith data: []
11:13:57.391 [Test worker] INFO  com.phonebook.tests.TestBase -- PASSED loginPositiveTest
11:13:57.391 [Test worker] INFO  com.phonebook.tests.TestBase -- Stop test
11:13:57.391 [Test worker] INFO  com.phonebook.tests.TestBase -- ============================
]]></system-out>
  <system-err><![CDATA[]]></system-err>
</testsuite>
