<?xml version="1.0" encoding="UTF-8"?>
<testsuite name="com.phonebook.tests.CreateAccountTests" tests="1" skipped="0" failures="0" errors="0" timestamp="2024-04-15T09:13:33" hostname="MacBook-Air-Olesia.local" time="0.71">
  <properties/>
  <testcase name="createNewAccountWithExistedEmailNegativeTest" classname="com.phonebook.tests.CreateAccountTests" time="0.71"/>
  <system-out><![CDATA[11:13:23.517 [Test worker] INFO  com.phonebook.tests.TestBase -- Start test createNewAccountWithExistedEmailNegativeTestwith data: []
11:13:34.302 [Test worker] INFO  com.phonebook.tests.TestBase -- PASSED createNewAccountWithExistedEmailNegativeTest
11:13:34.303 [Test worker] INFO  com.phonebook.tests.TestBase -- Stop test
11:13:34.303 [Test worker] INFO  com.phonebook.tests.TestBase -- ============================
]]></system-out>
  <system-err><![CDATA[]]></system-err>
</testsuite>
