<?xml version="1.0" encoding="UTF-8"?>
<testsuite name="com.phonebook.tests.CreateAccountTests" tests="1" skipped="0" failures="0" errors="0" timestamp="2024-04-10T18:48:43" hostname="MacBook-Air-Olesia.local" time="0.791">
  <properties/>
  <testcase name="createNewAccountWithExistedEmailNegativeTest" classname="com.phonebook.tests.CreateAccountTests" time="0.791"/>
  <system-out><![CDATA[]]></system-out>
  <system-err><![CDATA[]]></system-err>
</testsuite>
